<?xml version="1.0" encoding="UTF-8"?>
<testsuite name="fr.polytech.bbr.fsj.FsjApplicationTests" tests="1" skipped="0" failures="0" errors="0" timestamp="2022-11-13T10:39:44" hostname="Air-de-Vincent" time="0.404">
  <properties/>
  <testcase name="contextLoads()" classname="fr.polytech.bbr.fsj.FsjApplicationTests" time="0.404"/>
  <system-out><![CDATA[11:39:41.389 [Test worker] DEBUG org.springframework.test.context.BootstrapUtils - Instantiating CacheAwareContextLoaderDelegate from class [org.springframework.test.context.cache.DefaultCacheAwareContextLoaderDelegate]
11:39:41.399 [Test worker] DEBUG org.springframework.test.context.BootstrapUtils - Instantiating BootstrapContext using constructor [public org.springframework.test.context.support.DefaultBootstrapContext(java.lang.Class,org.springframework.test.context.CacheAwareContextLoaderDelegate)]
11:39:41.450 [Test worker] DEBUG org.springframework.test.context.BootstrapUtils - Instantiating TestContextBootstrapper for test class [fr.polytech.bbr.fsj.FsjApplicationTests] from class [org.springframework.boot.test.context.SpringBootTestContextBootstrapper]
11:39:41.459 [Test worker] INFO org.springframework.boot.test.context.SpringBootTestContextBootstrapper - Neither @ContextConfiguration nor @ContextHierarchy found for test class [fr.polytech.bbr.fsj.FsjApplicationTests], using SpringBootContextLoader
11:39:41.463 [Test worker] DEBUG org.springframework.test.context.support.AbstractContextLoader - Did not detect default resource location for test class [fr.polytech.bbr.fsj.FsjApplicationTests]: class path resource [fr/polytech/bbr/fsj/FsjApplicationTests-context.xml] does not exist
11:39:41.464 [Test worker] DEBUG org.springframework.test.context.support.AbstractContextLoader - Did not detect default resource location for test class [fr.polytech.bbr.fsj.FsjApplicationTests]: class path resource [fr/polytech/bbr/fsj/FsjApplicationTestsContext.groovy] does not exist
11:39:41.464 [Test worker] INFO org.springframework.test.context.support.AbstractContextLoader - Could not detect default resource locations for test class [fr.polytech.bbr.fsj.FsjApplicationTests]: no resource found for suffixes {-context.xml, Context.groovy}.
11:39:41.464 [Test worker] INFO org.springframework.test.context.support.AnnotationConfigContextLoaderUtils - Could not detect default configuration classes for test class [fr.polytech.bbr.fsj.FsjApplicationTests]: FsjApplicationTests does not declare any static, non-private, non-final, nested classes annotated with @Configuration.
11:39:41.513 [Test worker] DEBUG org.springframework.test.context.support.ActiveProfilesUtils - Could not find an 'annotation declaring class' for annotation type [org.springframework.test.context.ActiveProfiles] and class [fr.polytech.bbr.fsj.FsjApplicationTests]
11:39:41.598 [Test worker] DEBUG org.springframework.context.annotation.ClassPathScanningCandidateComponentProvider - Identified candidate component class: file [/Users/vincentbaret/Documents/iwa_ig5_back/cv_management/build/classes/java/main/fr/polytech/bbr/fsj/FsjApplication.class]
11:39:41.602 [Test worker] INFO org.springframework.boot.test.context.SpringBootTestContextBootstrapper - Found @SpringBootConfiguration fr.polytech.bbr.fsj.FsjApplication for test class fr.polytech.bbr.fsj.FsjApplicationTests
11:39:41.689 [Test worker] DEBUG org.springframework.boot.test.context.SpringBootTestContextBootstrapper - @TestExecutionListeners is not present for class [fr.polytech.bbr.fsj.FsjApplicationTests]: using defaults.
11:39:41.690 [Test worker] INFO org.springframework.boot.test.context.SpringBootTestContextBootstrapper - Loaded default TestExecutionListener class names from location [META-INF/spring.factories]: [org.springframework.boot.test.autoconfigure.restdocs.RestDocsTestExecutionListener, org.springframework.boot.test.autoconfigure.web.client.MockRestServiceServerResetTestExecutionListener, org.springframework.boot.test.autoconfigure.web.servlet.MockMvcPrintOnlyOnFailureTestExecutionListener, org.springframework.boot.test.autoconfigure.web.servlet.WebDriverTestExecutionListener, org.springframework.boot.test.autoconfigure.webservices.client.MockWebServiceServerTestExecutionListener, org.springframework.boot.test.mock.mockito.MockitoTestExecutionListener, org.springframework.boot.test.mock.mockito.ResetMocksTestExecutionListener, org.springframework.test.context.web.ServletTestExecutionListener, org.springframework.test.context.support.DirtiesContextBeforeModesTestExecutionListener, org.springframework.test.context.event.ApplicationEventsTestExecutionListener, org.springframework.test.context.support.DependencyInjectionTestExecutionListener, org.springframework.test.context.support.DirtiesContextTestExecutionListener, org.springframework.test.context.transaction.TransactionalTestExecutionListener, org.springframework.test.context.jdbc.SqlScriptsTestExecutionListener, org.springframework.test.context.event.EventPublishingTestExecutionListener]
11:39:41.699 [Test worker] DEBUG org.springframework.boot.test.context.SpringBootTestContextBootstrapper - Skipping candidate TestExecutionListener [org.springframework.test.context.transaction.TransactionalTestExecutionListener] due to a missing dependency. Specify custom listener classes or make the default listener classes and their required dependencies available. Offending class: [org/springframework/transaction/interceptor/TransactionAttributeSource]
11:39:41.700 [Test worker] DEBUG org.springframework.boot.test.context.SpringBootTestContextBootstrapper - Skipping candidate TestExecutionListener [org.springframework.test.context.jdbc.SqlScriptsTestExecutionListener] due to a missing dependency. Specify custom listener classes or make the default listener classes and their required dependencies available. Offending class: [org/springframework/transaction/interceptor/TransactionAttribute]
11:39:41.700 [Test worker] INFO org.springframework.boot.test.context.SpringBootTestContextBootstrapper - Using TestExecutionListeners: [org.springframework.test.context.web.ServletTestExecutionListener@15cafec7, org.springframework.test.context.support.DirtiesContextBeforeModesTestExecutionListener@5b444398, org.springframework.test.context.event.ApplicationEventsTestExecutionListener@cb191ca, org.springframework.boot.test.mock.mockito.MockitoTestExecutionListener@42f48531, org.springframework.boot.test.autoconfigure.SpringBootDependencyInjectionTestExecutionListener@a776e, org.springframework.test.context.support.DirtiesContextTestExecutionListener@792bbc74, org.springframework.test.context.event.EventPublishingTestExecutionListener@79145d5a, org.springframework.boot.test.autoconfigure.restdocs.RestDocsTestExecutionListener@1f2f9244, org.springframework.boot.test.autoconfigure.web.client.MockRestServiceServerResetTestExecutionListener@4c4d27c8, org.springframework.boot.test.autoconfigure.web.servlet.MockMvcPrintOnlyOnFailureTestExecutionListener@6821ea29, org.springframework.boot.test.autoconfigure.web.servlet.WebDriverTestExecutionListener@338494fa, org.springframework.boot.test.autoconfigure.webservices.client.MockWebServiceServerTestExecutionListener@505a9d7c, org.springframework.boot.test.mock.mockito.ResetMocksTestExecutionListener@758c83d8]
11:39:41.702 [Test worker] DEBUG org.springframework.test.context.support.AbstractDirtiesContextTestExecutionListener - Before test class: context [DefaultTestContext@40c80397 testClass = FsjApplicationTests, testInstance = [null], testMethod = [null], testException = [null], mergedContextConfiguration = [WebMergedContextConfiguration@4b672daa testClass = FsjApplicationTests, locations = '{}', classes = '{class fr.polytech.bbr.fsj.FsjApplication}', contextInitializerClasses = '[]', activeProfiles = '{}', propertySourceLocations = '{}', propertySourceProperties = '{org.springframework.boot.test.context.SpringBootTestContextBootstrapper=true}', contextCustomizers = set[org.springframework.boot.test.autoconfigure.actuate.metrics.MetricsExportContextCustomizerFactory$DisableMetricExportContextCustomizer@768fc0f2, org.springframework.boot.test.autoconfigure.properties.PropertyMappingContextCustomizer@0, org.springframework.boot.test.autoconfigure.web.servlet.WebDriverContextCustomizerFactory$Customizer@1e44b638, org.springframework.boot.test.context.filter.ExcludeFilterContextCustomizer@600b9d27, org.springframework.boot.test.json.DuplicateJsonObjectContextCustomizerFactory$DuplicateJsonObjectContextCustomizer@345f69f3, org.springframework.boot.test.mock.mockito.MockitoContextCustomizer@0, org.springframework.boot.test.web.client.TestRestTemplateContextCustomizer@481ba2cf, org.springframework.boot.test.context.SpringBootTestArgs@1, org.springframework.boot.test.context.SpringBootTestWebEnvironment@305b7c14], resourceBasePath = 'src/main/webapp', contextLoader = 'org.springframework.boot.test.context.SpringBootContextLoader', parent = [null]], attributes = map['org.springframework.test.context.web.ServletTestExecutionListener.activateListener' -> true]], class annotated with @DirtiesContext [false] with mode [null].

  .   ____          _            __ _ _
 /\\ / ___'_ __ _ _(_)_ __  __ _ \ \ \ \
( ( )\___ | '_ | '_| | '_ \/ _` | \ \ \ \
 \\/  ___)| |_)| | | | | || (_| |  ) ) ) )
  '  |____| .__|_| |_|_| |_\__, | / / / /
 =========|_|==============|___/=/_/_/_/
 :: Spring Boot ::                (v2.7.5)

2022-11-13 11:39:42.136  INFO 39870 --- [    Test worker] fr.polytech.bbr.fsj.FsjApplicationTests  : Starting FsjApplicationTests using Java 17.0.1 on Air-de-Vincent with PID 39870 (started by vincentbaret in /Users/vincentbaret/Documents/iwa_ig5_back/cv_management)
2022-11-13 11:39:42.139  INFO 39870 --- [    Test worker] fr.polytech.bbr.fsj.FsjApplicationTests  : No active profile set, falling back to 1 default profile: "default"
2022-11-13 11:39:44.450  INFO 39870 --- [    Test worker] fr.polytech.bbr.fsj.FsjApplicationTests  : Started FsjApplicationTests in 2.663 seconds (JVM running for 4.164)
]]></system-out>
  <system-err><![CDATA[]]></system-err>
</testsuite>
